Using pre-set license
Built from '2022.3/staging' branch; Version is '2022.3.16f1 (d2c21f0ef2f1) revision 13812255'; Using compiler version '192829333'; Build Type 'Release'
OS: 'Windows 10  (10.0.19045) 64bit Professional' Language: 'ru' Physical Memory: 16304 MB
BatchMode: 1, IsHumanControllingUs: 0, StartBugReporterOnCrash: 0, Is64bit: 1, IsPro: 1

COMMAND LINE ARGUMENTS:
C:\Program Files\Unity\Hub\Editor\2022.3.16f1\Editor\Unity.exe
-adb2
-batchMode
-noUpm
-name
AssetImportWorker0
-projectPath
D:/Projects/Unity/Find differences/Find-defferences/Find differences
-logFile
Logs/AssetImportWorker0.log
-srvPort
61367
Successfully changed project path to: D:/Projects/Unity/Find differences/Find-defferences/Find differences
D:/Projects/Unity/Find differences/Find-defferences/Find differences
[UnityMemory] Configuration Parameters - Can be set up in boot.config
    "memorysetup-bucket-allocator-granularity=16"
    "memorysetup-bucket-allocator-bucket-count=8"
    "memorysetup-bucket-allocator-block-size=33554432"
    "memorysetup-bucket-allocator-block-count=8"
    "memorysetup-main-allocator-block-size=16777216"
    "memorysetup-thread-allocator-block-size=16777216"
    "memorysetup-gfx-main-allocator-block-size=16777216"
    "memorysetup-gfx-thread-allocator-block-size=16777216"
    "memorysetup-cache-allocator-block-size=4194304"
    "memorysetup-typetree-allocator-block-size=2097152"
    "memorysetup-profiler-bucket-allocator-granularity=16"
    "memorysetup-profiler-bucket-allocator-bucket-count=8"
    "memorysetup-profiler-bucket-allocator-block-size=33554432"
    "memorysetup-profiler-bucket-allocator-block-count=8"
    "memorysetup-profiler-allocator-block-size=16777216"
    "memorysetup-profiler-editor-allocator-block-size=1048576"
    "memorysetup-temp-allocator-size-main=16777216"
    "memorysetup-job-temp-allocator-block-size=2097152"
    "memorysetup-job-temp-allocator-block-size-background=1048576"
    "memorysetup-job-temp-allocator-reduction-small-platforms=262144"
    "memorysetup-allocator-temp-initial-block-size-main=262144"
    "memorysetup-allocator-temp-initial-block-size-worker=262144"
    "memorysetup-temp-allocator-size-background-worker=32768"
    "memorysetup-temp-allocator-size-job-worker=262144"
    "memorysetup-temp-allocator-size-preload-manager=33554432"
    "memorysetup-temp-allocator-size-nav-mesh-worker=65536"
    "memorysetup-temp-allocator-size-audio-worker=65536"
    "memorysetup-temp-allocator-size-cloud-worker=32768"
    "memorysetup-temp-allocator-size-gi-baking-worker=262144"
    "memorysetup-temp-allocator-size-gfx=262144"
Player connection [18128] Host "[IP] 192.168.0.121 [Port] 0 [Flags] 2 [Guid] 2971633299 [EditorId] 2971633299 [Version] 1048832 [Id] WindowsEditor(7,DESKTOP-U467TTJ) [Debug] 1 [PackageName] WindowsEditor [ProjectName] Editor" joined multi-casting on [225.0.0.222:54997]...

Player connection [18128] Host "[IP] 192.168.0.121 [Port] 0 [Flags] 2 [Guid] 2971633299 [EditorId] 2971633299 [Version] 1048832 [Id] WindowsEditor(7,DESKTOP-U467TTJ) [Debug] 1 [PackageName] WindowsEditor [ProjectName] Editor" joined alternative multi-casting on [225.0.0.222:34997]...

[Physics::Module] Initialized MultithreadedJobDispatcher with 3 workers.
Refreshing native plugins compatible for Editor in 40.22 ms, found 4 plugins.
Preloading 0 native plugins for Editor in 0.00 ms.
Initialize engine version: 2022.3.16f1 (d2c21f0ef2f1)
[Subsystems] Discovering subsystems at path C:/Program Files/Unity/Hub/Editor/2022.3.16f1/Editor/Data/Resources/UnitySubsystems
[Subsystems] Discovering subsystems at path D:/Projects/Unity/Find differences/Find-defferences/Find differences/Assets
GfxDevice: creating device client; threaded=0; jobified=0
Direct3D:
    Version:  Direct3D 11.0 [level 11.1]
    Renderer: Intel(R) HD Graphics 5500 (ID=0x1616)
    Vendor:   Intel
    VRAM:     8152 MB
Initialize mono
Mono path[0] = 'C:/Program Files/Unity/Hub/Editor/2022.3.16f1/Editor/Data/Managed'
Mono path[1] = 'C:/Program Files/Unity/Hub/Editor/2022.3.16f1/Editor/Data/MonoBleedingEdge/lib/mono/unityjit-win32'
Mono config path = 'C:/Program Files/Unity/Hub/Editor/2022.3.16f1/Editor/Data/MonoBleedingEdge/etc'
Using monoOptions --debugger-agent=transport=dt_socket,embedding=1,server=y,suspend=n,address=127.0.0.1:56332
Begin MonoManager ReloadAssembly
Registering precompiled unity dll's ...
Register platform support module: C:/Program Files/Unity/Hub/Editor/2022.3.16f1/Editor/Data/PlaybackEngines/WebGLSupport/UnityEditor.WebGL.Extensions.dll
Register platform support module: C:/Program Files/Unity/Hub/Editor/2022.3.16f1/Editor/Data/PlaybackEngines/AndroidPlayer/UnityEditor.Android.Extensions.dll
Register platform support module: C:/Program Files/Unity/Hub/Editor/2022.3.16f1/Editor/Data/PlaybackEngines/WindowsStandaloneSupport/UnityEditor.WindowsStandalone.Extensions.dll
Registered in 0.074244 seconds.
- Loaded All Assemblies, in  1.499 seconds
Native extension for WindowsStandalone target not found
Native extension for Android target not found
Android Extension - Scanning For ADB Devices 1040 ms
Native extension for WebGL target not found
Mono: successfully reloaded assembly
- Finished resetting the current domain, in  2.170 seconds
Domain Reload Profiling: 3659ms
	BeginReloadAssembly (468ms)
		ExecutionOrderSort (0ms)
		DisableScriptedObjects (0ms)
		BackupInstance (0ms)
		ReleaseScriptingObjects (0ms)
		CreateAndSetChildDomain (3ms)
	RebuildCommonClasses (121ms)
	RebuildNativeTypeToScriptingClass (36ms)
	initialDomainReloadingComplete (317ms)
	LoadAllAssembliesAndSetupDomain (545ms)
		LoadAssemblies (460ms)
		RebuildTransferFunctionScriptingTraits (0ms)
		AnalyzeDomain (529ms)
			TypeCache.Refresh (525ms)
				TypeCache.ScanAssembly (481ms)
			ScanForSourceGeneratedMonoScriptInfo (1ms)
			ResolveRequiredComponents (1ms)
	FinalizeReload (2173ms)
		ReleaseScriptCaches (0ms)
		RebuildScriptCaches (0ms)
		SetupLoadedEditorAssemblies (1946ms)
			LogAssemblyErrors (0ms)
			InitializePlatformSupportModulesInManaged (1491ms)
			SetLoadedEditorAssemblies (9ms)
			RefreshPlugins (0ms)
			BeforeProcessingInitializeOnLoad (6ms)
			ProcessInitializeOnLoadAttributes (321ms)
			ProcessInitializeOnLoadMethodAttributes (118ms)
			AfterProcessingInitializeOnLoad (0ms)
			EditorAssembliesLoaded (0ms)
		ExecutionOrderSort2 (0ms)
		AwakeInstancesAfterBackupRestoration (0ms)
========================================================================
Worker process is ready to serve import requests
Begin MonoManager ReloadAssembly
- Loaded All Assemblies, in  3.883 seconds
Refreshing native plugins compatible for Editor in 40.91 ms, found 4 plugins.
Native extension for WindowsStandalone target not found
Native extension for Android target not found
Native extension for WebGL target not found
Package Manager log level set to [2]
[Package Manager] Server::EnsureServerProcessIsRunning -- launch failed, reason: Unity was launched with the -noUpm command-line argument
[Package Manager] UpmClient::Send -- Unable to send message (not connected to UPM process).
[Package Manager] Cannot connect to Unity Package Manager local server
Mono: successfully reloaded assembly
- Finished resetting the current domain, in  4.228 seconds
Domain Reload Profiling: 8102ms
	BeginReloadAssembly (1190ms)
		ExecutionOrderSort (0ms)
		DisableScriptedObjects (21ms)
		BackupInstance (0ms)
		ReleaseScriptingObjects (0ms)
		CreateAndSetChildDomain (98ms)
	RebuildCommonClasses (109ms)
	RebuildNativeTypeToScriptingClass (31ms)
	initialDomainReloadingComplete (168ms)
	LoadAllAssembliesAndSetupDomain (2375ms)
		LoadAssemblies (2317ms)
		RebuildTransferFunctionScriptingTraits (0ms)
		AnalyzeDomain (973ms)
			TypeCache.Refresh (769ms)
				TypeCache.ScanAssembly (656ms)
			ScanForSourceGeneratedMonoScriptInfo (151ms)
			ResolveRequiredComponents (44ms)
	FinalizeReload (4230ms)
		ReleaseScriptCaches (0ms)
		RebuildScriptCaches (0ms)
		SetupLoadedEditorAssemblies (3500ms)
			LogAssemblyErrors (0ms)
			InitializePlatformSupportModulesInManaged (193ms)
			SetLoadedEditorAssemblies (20ms)
			RefreshPlugins (0ms)
			BeforeProcessingInitializeOnLoad (392ms)
			ProcessInitializeOnLoadAttributes (2600ms)
			ProcessInitializeOnLoadMethodAttributes (214ms)
			AfterProcessingInitializeOnLoad (80ms)
			EditorAssembliesLoaded (0ms)
		ExecutionOrderSort2 (0ms)
		AwakeInstancesAfterBackupRestoration (40ms)
Launched and connected shader compiler UnityShaderCompiler.exe after 0.14 seconds
Refreshing native plugins compatible for Editor in 25.22 ms, found 4 plugins.
Preloading 0 native plugins for Editor in 0.00 ms.
Unloading 4169 Unused Serialized files (Serialized files now loaded: 0)
Unloading 79 unused Assets / (248.6 KB). Loaded Objects now: 4623.
Memory consumption went from 156.8 MB to 156.5 MB.
Total: 7.367900 ms (FindLiveObjects: 0.789500 ms CreateObjectMapping: 0.673500 ms MarkObjects: 5.487900 ms  DeleteObjects: 0.414800 ms)

AssetImportParameters requested are different than current active one (requested -> active):
  custom:container-demuxer-ogg: 62fdf1f143b41e24485cea50d1cbac27 -> 
  custom:video-decoder-ogg-theora: a1e56fd34408186e4bbccfd4996cb3dc -> 
  custom:framework-win-MediaFoundation: 216162199b28c13a410421893ffa2e32 -> 
  custom:CustomObjectIndexerAttribute: 43b350a4d6e6d1791af0b5038c4bea17 -> 
  custom:container-demuxer-webm: 4f35f7cbe854078d1ac9338744f61a02 -> 
  custom:container-muxer-webm: aa71ff27fc2769a1b78a27578f13a17b -> 
  custom:video-decoder-webm-vp8: 9c59270c3fd7afecdb556c50c9e8de78 -> 
  custom:SearchIndexIgnoredProperties: e643bd26f0fe6173181afceb89e7c659 -> 
  custom:AudioImporter_EditorPlatform: d09bf68614088b80899f8185d706f6e7 -> 
  custom:video-encoder-webm-vp8: eb34c28f22e8b96e1ab97ce403110664 -> 
  custom:audio-decoder-ogg-vorbis: bf7c407c2cedff20999df2af8eb42d56 -> 
  custom:audio-encoder-webm-vorbis: bf7c407c2cedff20999df2af8eb42d56 -> 
========================================================================
Received Import Request.
  Time since last request: 142194.619860 seconds.
  path: Assets/Scripts/Game scene/GameUI.cs
  artifactKey: Guid(2fd1cbb6661442b4eb07dc782128b6be) Importer(815301076,1909f56bfc062723c751e8b465ee728b)
Start importing Assets/Scripts/Game scene/GameUI.cs using Guid(2fd1cbb6661442b4eb07dc782128b6be) Importer(815301076,1909f56bfc062723c751e8b465ee728b)  -> (artifact id: 'f982ea544ef4ca9adb9d58fa761f14d1') in 0.005704 seconds
Number of updated asset objects reloaded before import = 0
Number of asset objects unloaded after import = 0
========================================================================
Received Import Request.
  Time since last request: 65.604296 seconds.
  path: Assets/Scripts/Main menu scene/MainMenuScene.cs
  artifactKey: Guid(ee00e29737ee986409643f1313eaf5c3) Importer(815301076,1909f56bfc062723c751e8b465ee728b)
Start importing Assets/Scripts/Main menu scene/MainMenuScene.cs using Guid(ee00e29737ee986409643f1313eaf5c3) Importer(815301076,1909f56bfc062723c751e8b465ee728b)  -> (artifact id: '3e227b9f41b20b0e544c0801daf91034') in 0.001218 seconds
Number of updated asset objects reloaded before import = 0
Number of asset objects unloaded after import = 0
========================================================================
Received Import Request.
  Time since last request: 27.012832 seconds.
  path: Assets/Scripts/Game scene/EndingMenu.cs
  artifactKey: Guid(fb7fe9dce3b6d114b80b8e77eb558edc) Importer(815301076,1909f56bfc062723c751e8b465ee728b)
Start importing Assets/Scripts/Game scene/EndingMenu.cs using Guid(fb7fe9dce3b6d114b80b8e77eb558edc) Importer(815301076,1909f56bfc062723c751e8b465ee728b)  -> (artifact id: '39735a004d798da536b1239b8dbe9e50') in 0.001085 seconds
Number of updated asset objects reloaded before import = 0
Number of asset objects unloaded after import = 0
========================================================================
Received Prepare
Begin MonoManager ReloadAssembly
- Loaded All Assemblies, in  1.709 seconds
Refreshing native plugins compatible for Editor in 10.92 ms, found 4 plugins.
Native extension for WindowsStandalone target not found
Native extension for Android target not found
Native extension for WebGL target not found
[Package Manager] Server::EnsureServerProcessIsRunning -- launch failed, reason: Unity was launched with the -noUpm command-line argument
[Package Manager] UpmClient::Send -- Unable to send message (not connected to UPM process).
[Package Manager] Cannot connect to Unity Package Manager local server
Mono: successfully reloaded assembly
- Finished resetting the current domain, in  2.959 seconds
Domain Reload Profiling: 4646ms
	BeginReloadAssembly (487ms)
		ExecutionOrderSort (0ms)
		DisableScriptedObjects (40ms)
		BackupInstance (0ms)
		ReleaseScriptingObjects (0ms)
		CreateAndSetChildDomain (93ms)
	RebuildCommonClasses (102ms)
	RebuildNativeTypeToScriptingClass (38ms)
	initialDomainReloadingComplete (113ms)
	LoadAllAssembliesAndSetupDomain (945ms)
		LoadAssemblies (1059ms)
		RebuildTransferFunctionScriptingTraits (0ms)
		AnalyzeDomain (169ms)
			TypeCache.Refresh (67ms)
				TypeCache.ScanAssembly (30ms)
			ScanForSourceGeneratedMonoScriptInfo (53ms)
			ResolveRequiredComponents (45ms)
	FinalizeReload (2961ms)
		ReleaseScriptCaches (0ms)
		RebuildScriptCaches (0ms)
		SetupLoadedEditorAssemblies (1521ms)
			LogAssemblyErrors (0ms)
			InitializePlatformSupportModulesInManaged (101ms)
			SetLoadedEditorAssemblies (28ms)
			RefreshPlugins (0ms)
			BeforeProcessingInitializeOnLoad (340ms)
			ProcessInitializeOnLoadAttributes (923ms)
			ProcessInitializeOnLoadMethodAttributes (89ms)
			AfterProcessingInitializeOnLoad (40ms)
			EditorAssembliesLoaded (1ms)
		ExecutionOrderSort2 (0ms)
		AwakeInstancesAfterBackupRestoration (42ms)
Refreshing native plugins compatible for Editor in 17.71 ms, found 4 plugins.
Preloading 0 native plugins for Editor in 0.00 ms.
Unloading 4149 Unused Serialized files (Serialized files now loaded: 0)
Unloading 51 unused Assets / (222.1 KB). Loaded Objects now: 4628.
Memory consumption went from 153.2 MB to 153.0 MB.
Total: 9.260400 ms (FindLiveObjects: 0.594300 ms CreateObjectMapping: 0.575600 ms MarkObjects: 6.684200 ms  DeleteObjects: 1.404700 ms)

Prepare: number of updated asset objects reloaded= 0
AssetImportParameters requested are different than current active one (requested -> active):
  custom:container-demuxer-ogg: 62fdf1f143b41e24485cea50d1cbac27 -> 
  custom:video-decoder-ogg-theora: a1e56fd34408186e4bbccfd4996cb3dc -> 
  custom:framework-win-MediaFoundation: 216162199b28c13a410421893ffa2e32 -> 
  custom:CustomObjectIndexerAttribute: 43b350a4d6e6d1791af0b5038c4bea17 -> 
  custom:container-demuxer-webm: 4f35f7cbe854078d1ac9338744f61a02 -> 
  custom:container-muxer-webm: aa71ff27fc2769a1b78a27578f13a17b -> 
  custom:video-decoder-webm-vp8: 9c59270c3fd7afecdb556c50c9e8de78 -> 
  custom:SearchIndexIgnoredProperties: e643bd26f0fe6173181afceb89e7c659 -> 
  custom:AudioImporter_EditorPlatform: d09bf68614088b80899f8185d706f6e7 -> 
  custom:video-encoder-webm-vp8: eb34c28f22e8b96e1ab97ce403110664 -> 
  custom:audio-decoder-ogg-vorbis: bf7c407c2cedff20999df2af8eb42d56 -> 
  custom:audio-encoder-webm-vorbis: bf7c407c2cedff20999df2af8eb42d56 -> 
========================================================================
Received Prepare
Begin MonoManager ReloadAssembly
- Loaded All Assemblies, in  1.548 seconds
Refreshing native plugins compatible for Editor in 16.97 ms, found 4 plugins.
Native extension for WindowsStandalone target not found
Native extension for Android target not found
Native extension for WebGL target not found
[Package Manager] Server::EnsureServerProcessIsRunning -- launch failed, reason: Unity was launched with the -noUpm command-line argument
[Package Manager] UpmClient::Send -- Unable to send message (not connected to UPM process).
[Package Manager] Cannot connect to Unity Package Manager local server
Mono: successfully reloaded assembly
- Finished resetting the current domain, in  4.930 seconds
Domain Reload Profiling: 6461ms
	BeginReloadAssembly (455ms)
		ExecutionOrderSort (0ms)
		DisableScriptedObjects (30ms)
		BackupInstance (0ms)
		ReleaseScriptingObjects (0ms)
		CreateAndSetChildDomain (94ms)
	RebuildCommonClasses (103ms)
	RebuildNativeTypeToScriptingClass (35ms)
	initialDomainReloadingComplete (132ms)
	LoadAllAssembliesAndSetupDomain (804ms)
		LoadAssemblies (1030ms)
		RebuildTransferFunctionScriptingTraits (0ms)
		AnalyzeDomain (31ms)
			TypeCache.Refresh (12ms)
				TypeCache.ScanAssembly (0ms)
			ScanForSourceGeneratedMonoScriptInfo (0ms)
			ResolveRequiredComponents (16ms)
	FinalizeReload (4932ms)
		ReleaseScriptCaches (0ms)
		RebuildScriptCaches (0ms)
		SetupLoadedEditorAssemblies (2782ms)
			LogAssemblyErrors (0ms)
			InitializePlatformSupportModulesInManaged (168ms)
			SetLoadedEditorAssemblies (23ms)
			RefreshPlugins (0ms)
			BeforeProcessingInitializeOnLoad (535ms)
			ProcessInitializeOnLoadAttributes (1790ms)
			ProcessInitializeOnLoadMethodAttributes (172ms)
			AfterProcessingInitializeOnLoad (90ms)
			EditorAssembliesLoaded (4ms)
		ExecutionOrderSort2 (0ms)
		AwakeInstancesAfterBackupRestoration (115ms)
Refreshing native plugins compatible for Editor in 42.72 ms, found 4 plugins.
Preloading 0 native plugins for Editor in 0.00 ms.
Unloading 4150 Unused Serialized files (Serialized files now loaded: 0)
Unloading 51 unused Assets / (221.2 KB). Loaded Objects now: 4632.
Memory consumption went from 155.4 MB to 155.2 MB.
Total: 28.966200 ms (FindLiveObjects: 0.699500 ms CreateObjectMapping: 0.985100 ms MarkObjects: 25.373600 ms  DeleteObjects: 1.901700 ms)

Prepare: number of updated asset objects reloaded= 0
AssetImportParameters requested are different than current active one (requested -> active):
  custom:container-demuxer-ogg: 62fdf1f143b41e24485cea50d1cbac27 -> 
  custom:video-decoder-ogg-theora: a1e56fd34408186e4bbccfd4996cb3dc -> 
  custom:framework-win-MediaFoundation: 216162199b28c13a410421893ffa2e32 -> 
  custom:CustomObjectIndexerAttribute: 43b350a4d6e6d1791af0b5038c4bea17 -> 
  custom:container-demuxer-webm: 4f35f7cbe854078d1ac9338744f61a02 -> 
  custom:container-muxer-webm: aa71ff27fc2769a1b78a27578f13a17b -> 
  custom:video-decoder-webm-vp8: 9c59270c3fd7afecdb556c50c9e8de78 -> 
  custom:SearchIndexIgnoredProperties: e643bd26f0fe6173181afceb89e7c659 -> 
  custom:AudioImporter_EditorPlatform: d09bf68614088b80899f8185d706f6e7 -> 
  custom:video-encoder-webm-vp8: eb34c28f22e8b96e1ab97ce403110664 -> 
  custom:audio-decoder-ogg-vorbis: bf7c407c2cedff20999df2af8eb42d56 -> 
  custom:audio-encoder-webm-vorbis: bf7c407c2cedff20999df2af8eb42d56 -> 
========================================================================
Received Import Request.
  Time since last request: 483.129088 seconds.
  path: Assets/Sprites/белый-квадрат.png
  artifactKey: Guid(17c9de37e871a4c4191e3be94ce9f6e3) Importer(815301076,1909f56bfc062723c751e8b465ee728b)
Start importing Assets/Sprites/белый-квадрат.png using Guid(17c9de37e871a4c4191e3be94ce9f6e3) Importer(815301076,1909f56bfc062723c751e8b465ee728b)  -> (artifact id: '9687b19045398846f2fcb14617c34d5d') in 0.214465 seconds
Number of updated asset objects reloaded before import = 0
Number of asset objects unloaded after import = 3
========================================================================
Received Prepare
Begin MonoManager ReloadAssembly
- Loaded All Assemblies, in  1.949 seconds
Refreshing native plugins compatible for Editor in 29.24 ms, found 4 plugins.
Native extension for WindowsStandalone target not found
Native extension for Android target not found
Native extension for WebGL target not found
[Package Manager] Server::EnsureServerProcessIsRunning -- launch failed, reason: Unity was launched with the -noUpm command-line argument
[Package Manager] UpmClient::Send -- Unable to send message (not connected to UPM process).
[Package Manager] Cannot connect to Unity Package Manager local server
Mono: successfully reloaded assembly
- Finished resetting the current domain, in  6.440 seconds
Domain Reload Profiling: 8373ms
	BeginReloadAssembly (521ms)
		ExecutionOrderSort (0ms)
		DisableScriptedObjects (36ms)
		BackupInstance (0ms)
		ReleaseScriptingObjects (0ms)
		CreateAndSetChildDomain (96ms)
	RebuildCommonClasses (98ms)
	RebuildNativeTypeToScriptingClass (32ms)
	initialDomainReloadingComplete (104ms)
	LoadAllAssembliesAndSetupDomain (1177ms)
		LoadAssemblies (1412ms)
		RebuildTransferFunctionScriptingTraits (0ms)
		AnalyzeDomain (76ms)
			TypeCache.Refresh (29ms)
				TypeCache.ScanAssembly (0ms)
			ScanForSourceGeneratedMonoScriptInfo (1ms)
			ResolveRequiredComponents (41ms)
	FinalizeReload (6442ms)
		ReleaseScriptCaches (0ms)
		RebuildScriptCaches (0ms)
		SetupLoadedEditorAssemblies (3826ms)
			LogAssemblyErrors (0ms)
			InitializePlatformSupportModulesInManaged (538ms)
			SetLoadedEditorAssemblies (113ms)
			RefreshPlugins (0ms)
			BeforeProcessingInitializeOnLoad (852ms)
			ProcessInitializeOnLoadAttributes (2192ms)
			ProcessInitializeOnLoadMethodAttributes (99ms)
			AfterProcessingInitializeOnLoad (32ms)
			EditorAssembliesLoaded (0ms)
		ExecutionOrderSort2 (0ms)
		AwakeInstancesAfterBackupRestoration (35ms)
Refreshing native plugins compatible for Editor in 31.06 ms, found 4 plugins.
Preloading 0 native plugins for Editor in 0.00 ms.
Unloading 4149 Unused Serialized files (Serialized files now loaded: 0)
Unloading 51 unused Assets / (221.4 KB). Loaded Objects now: 4641.
Memory consumption went from 157.1 MB to 156.9 MB.
Total: 6.627300 ms (FindLiveObjects: 0.527500 ms CreateObjectMapping: 0.565200 ms MarkObjects: 5.127700 ms  DeleteObjects: 0.405200 ms)

Prepare: number of updated asset objects reloaded= 0
AssetImportParameters requested are different than current active one (requested -> active):
  custom:container-demuxer-ogg: 62fdf1f143b41e24485cea50d1cbac27 -> 
  custom:video-decoder-ogg-theora: a1e56fd34408186e4bbccfd4996cb3dc -> 
  custom:framework-win-MediaFoundation: 216162199b28c13a410421893ffa2e32 -> 
  custom:CustomObjectIndexerAttribute: 43b350a4d6e6d1791af0b5038c4bea17 -> 
  custom:container-demuxer-webm: 4f35f7cbe854078d1ac9338744f61a02 -> 
  custom:container-muxer-webm: aa71ff27fc2769a1b78a27578f13a17b -> 
  custom:video-decoder-webm-vp8: 9c59270c3fd7afecdb556c50c9e8de78 -> 
  custom:SearchIndexIgnoredProperties: e643bd26f0fe6173181afceb89e7c659 -> 
  custom:AudioImporter_EditorPlatform: d09bf68614088b80899f8185d706f6e7 -> 
  custom:video-encoder-webm-vp8: eb34c28f22e8b96e1ab97ce403110664 -> 
  custom:audio-decoder-ogg-vorbis: bf7c407c2cedff20999df2af8eb42d56 -> 
  custom:audio-encoder-webm-vorbis: bf7c407c2cedff20999df2af8eb42d56 -> 
========================================================================
Received Prepare
Begin MonoManager ReloadAssembly
- Loaded All Assemblies, in  2.638 seconds
Refreshing native plugins compatible for Editor in 15.01 ms, found 4 plugins.
Native extension for WindowsStandalone target not found
Native extension for Android target not found
Native extension for WebGL target not found
[Package Manager] Server::EnsureServerProcessIsRunning -- launch failed, reason: Unity was launched with the -noUpm command-line argument
[Package Manager] UpmClient::Send -- Unable to send message (not connected to UPM process).
[Package Manager] Cannot connect to Unity Package Manager local server
Mono: successfully reloaded assembly
- Finished resetting the current domain, in  4.924 seconds
Domain Reload Profiling: 7547ms
	BeginReloadAssembly (497ms)
		ExecutionOrderSort (0ms)
		DisableScriptedObjects (44ms)
		BackupInstance (0ms)
		ReleaseScriptingObjects (0ms)
		CreateAndSetChildDomain (88ms)
	RebuildCommonClasses (139ms)
	RebuildNativeTypeToScriptingClass (38ms)
	initialDomainReloadingComplete (109ms)
	LoadAllAssembliesAndSetupDomain (1838ms)
		LoadAssemblies (2086ms)
		RebuildTransferFunctionScriptingTraits (0ms)
		AnalyzeDomain (47ms)
			TypeCache.Refresh (18ms)
				TypeCache.ScanAssembly (0ms)
			ScanForSourceGeneratedMonoScriptInfo (0ms)
			ResolveRequiredComponents (25ms)
	FinalizeReload (4925ms)
		ReleaseScriptCaches (0ms)
		RebuildScriptCaches (0ms)
		SetupLoadedEditorAssemblies (2400ms)
			LogAssemblyErrors (0ms)
			InitializePlatformSupportModulesInManaged (253ms)
			SetLoadedEditorAssemblies (31ms)
			RefreshPlugins (0ms)
			BeforeProcessingInitializeOnLoad (329ms)
			ProcessInitializeOnLoadAttributes (1497ms)
			ProcessInitializeOnLoadMethodAttributes (233ms)
			AfterProcessingInitializeOnLoad (56ms)
			EditorAssembliesLoaded (1ms)
		ExecutionOrderSort2 (0ms)
		AwakeInstancesAfterBackupRestoration (59ms)
Refreshing native plugins compatible for Editor in 149.06 ms, found 4 plugins.
Preloading 0 native plugins for Editor in 0.00 ms.
Unloading 4150 Unused Serialized files (Serialized files now loaded: 0)
Unloading 51 unused Assets / (222.1 KB). Loaded Objects now: 4645.
Memory consumption went from 159.3 MB to 159.1 MB.
Total: 38.316700 ms (FindLiveObjects: 5.238700 ms CreateObjectMapping: 4.566000 ms MarkObjects: 27.997400 ms  DeleteObjects: 0.511200 ms)

Prepare: number of updated asset objects reloaded= 0
AssetImportParameters requested are different than current active one (requested -> active):
  custom:container-demuxer-ogg: 62fdf1f143b41e24485cea50d1cbac27 -> 
  custom:video-decoder-ogg-theora: a1e56fd34408186e4bbccfd4996cb3dc -> 
  custom:framework-win-MediaFoundation: 216162199b28c13a410421893ffa2e32 -> 
  custom:CustomObjectIndexerAttribute: 43b350a4d6e6d1791af0b5038c4bea17 -> 
  custom:container-demuxer-webm: 4f35f7cbe854078d1ac9338744f61a02 -> 
  custom:container-muxer-webm: aa71ff27fc2769a1b78a27578f13a17b -> 
  custom:video-decoder-webm-vp8: 9c59270c3fd7afecdb556c50c9e8de78 -> 
  custom:SearchIndexIgnoredProperties: e643bd26f0fe6173181afceb89e7c659 -> 
  custom:AudioImporter_EditorPlatform: d09bf68614088b80899f8185d706f6e7 -> 
  custom:video-encoder-webm-vp8: eb34c28f22e8b96e1ab97ce403110664 -> 
  custom:audio-decoder-ogg-vorbis: bf7c407c2cedff20999df2af8eb42d56 -> 
  custom:audio-encoder-webm-vorbis: bf7c407c2cedff20999df2af8eb42d56 -> 
========================================================================
Received Import Request.
  Time since last request: 386.263307 seconds.
  path: Assets/Sprites/белый-квадрат (2).png
  artifactKey: Guid(8a92d9012be2bb849bf99e846087fcb4) Importer(815301076,1909f56bfc062723c751e8b465ee728b)
Start importing Assets/Sprites/белый-квадрат (2).png using Guid(8a92d9012be2bb849bf99e846087fcb4) Importer(815301076,1909f56bfc062723c751e8b465ee728b)  -> (artifact id: '1124fd969ff8a3892d0d849b3af8f941') in 0.298269 seconds
Number of updated asset objects reloaded before import = 0
Number of asset objects unloaded after import = 3
========================================================================
Received Import Request.
  Time since last request: 3.212215 seconds.
  path: Assets/Sprites/White square.png
  artifactKey: Guid(8a92d9012be2bb849bf99e846087fcb4) Importer(815301076,1909f56bfc062723c751e8b465ee728b)
Start importing Assets/Sprites/White square.png using Guid(8a92d9012be2bb849bf99e846087fcb4) Importer(815301076,1909f56bfc062723c751e8b465ee728b)  -> (artifact id: 'afbf0c4d6fa8747268f33aa79a94b004') in 0.054442 seconds
Number of updated asset objects reloaded before import = 0
Number of asset objects unloaded after import = 3
========================================================================
Received Import Request.
  Time since last request: 45.013357 seconds.
  path: Assets/Resources/Pairs/Pair 1.prefab
  artifactKey: Guid(336c7e33c22fd1546ae93b8962feb6d0) Importer(815301076,1909f56bfc062723c751e8b465ee728b)
Start importing Assets/Resources/Pairs/Pair 1.prefab using Guid(336c7e33c22fd1546ae93b8962feb6d0) Importer(815301076,1909f56bfc062723c751e8b465ee728b)  -> (artifact id: '83e02e30fcfe99edcb33345e3272afee') in 0.166028 seconds
Number of updated asset objects reloaded before import = 0
Number of asset objects unloaded after import = 191
========================================================================
Received Import Request.
  Time since last request: 126.673328 seconds.
  path: Assets/Resources/Pairs/Pair 11.prefab
  artifactKey: Guid(6b2472803474ea14c87910c40489f992) Importer(815301076,1909f56bfc062723c751e8b465ee728b)
Start importing Assets/Resources/Pairs/Pair 11.prefab using Guid(6b2472803474ea14c87910c40489f992) Importer(815301076,1909f56bfc062723c751e8b465ee728b)  -> (artifact id: '7f32ccb5963b6c9f493b63c2ab2104ab') in 0.064099 seconds
Number of updated asset objects reloaded before import = 0
Number of asset objects unloaded after import = 243
========================================================================
Received Import Request.
  Time since last request: 31.560234 seconds.
  path: Assets/Resources/Pairs/Pair 14.prefab
  artifactKey: Guid(49abd715d517cbb4688d44441ea4ffa1) Importer(815301076,1909f56bfc062723c751e8b465ee728b)
Start importing Assets/Resources/Pairs/Pair 14.prefab using Guid(49abd715d517cbb4688d44441ea4ffa1) Importer(815301076,1909f56bfc062723c751e8b465ee728b)  -> (artifact id: '54cc34f6eb7b4a0c4b9624b10f2a311f') in 0.080184 seconds
Number of updated asset objects reloaded before import = 0
Number of asset objects unloaded after import = 269
========================================================================
Received Import Request.
  Time since last request: 34.943715 seconds.
  path: Assets/Resources/Pairs/Pair 17.prefab
  artifactKey: Guid(e30161b414260cf4fb335bf75fc3821c) Importer(815301076,1909f56bfc062723c751e8b465ee728b)
Start importing Assets/Resources/Pairs/Pair 17.prefab using Guid(e30161b414260cf4fb335bf75fc3821c) Importer(815301076,1909f56bfc062723c751e8b465ee728b)  -> (artifact id: 'a61792a69c5c251cc2d41ab69e1345f6') in 0.147381 seconds
Number of updated asset objects reloaded before import = 0
Number of asset objects unloaded after import = 269
========================================================================
Received Import Request.
  Time since last request: 17.682409 seconds.
  path: Assets/Resources/Pairs/Pair 19.prefab
  artifactKey: Guid(e85ee09cdd3a9af4cb49a1607c034767) Importer(815301076,1909f56bfc062723c751e8b465ee728b)
Start importing Assets/Resources/Pairs/Pair 19.prefab using Guid(e85ee09cdd3a9af4cb49a1607c034767) Importer(815301076,1909f56bfc062723c751e8b465ee728b)  -> (artifact id: '8929af550a24ea084af7ef0e277b8f64') in 0.111757 seconds
Number of updated asset objects reloaded before import = 0
Number of asset objects unloaded after import = 269
========================================================================
Received Import Request.
  Time since last request: 14.970963 seconds.
  path: Assets/Resources/Pairs/Pair 2.prefab
  artifactKey: Guid(a8de6048c120dc5439734f4c5f3fc41b) Importer(815301076,1909f56bfc062723c751e8b465ee728b)
Start importing Assets/Resources/Pairs/Pair 2.prefab using Guid(a8de6048c120dc5439734f4c5f3fc41b) Importer(815301076,1909f56bfc062723c751e8b465ee728b)  -> (artifact id: '9a4c0c30a37f0035b2f5cc1e2bd372e5') in 0.064787 seconds
Number of updated asset objects reloaded before import = 0
Number of asset objects unloaded after import = 191
========================================================================
Received Import Request.
  Time since last request: 1.091558 seconds.
  path: Assets/Resources/Pairs/Pair 3.prefab
  artifactKey: Guid(26f753108a7fb0f47ae343d88bad0014) Importer(815301076,1909f56bfc062723c751e8b465ee728b)
Start importing Assets/Resources/Pairs/Pair 3.prefab using Guid(26f753108a7fb0f47ae343d88bad0014) Importer(815301076,1909f56bfc062723c751e8b465ee728b)  -> (artifact id: '68c1f5abbd4c2db4c324085d6789ee02') in 0.051756 seconds
Number of updated asset objects reloaded before import = 0
Number of asset objects unloaded after import = 191
========================================================================
Received Import Request.
  Time since last request: 1.210863 seconds.
  path: Assets/Resources/Pairs/Pair 4.prefab
  artifactKey: Guid(81b99c24b81c8d34a8ae85dd8a94132d) Importer(815301076,1909f56bfc062723c751e8b465ee728b)
Start importing Assets/Resources/Pairs/Pair 4.prefab using Guid(81b99c24b81c8d34a8ae85dd8a94132d) Importer(815301076,1909f56bfc062723c751e8b465ee728b)  -> (artifact id: '35b57599aa429739e03457099dccdbf7') in 0.053375 seconds
Number of updated asset objects reloaded before import = 0
Number of asset objects unloaded after import = 191
========================================================================
Received Import Request.
  Time since last request: 1.682590 seconds.
  path: Assets/Resources/Pairs/Pair 5.prefab
  artifactKey: Guid(189e648ab2112914a9ded142fea8e0f2) Importer(815301076,1909f56bfc062723c751e8b465ee728b)
Start importing Assets/Resources/Pairs/Pair 5.prefab using Guid(189e648ab2112914a9ded142fea8e0f2) Importer(815301076,1909f56bfc062723c751e8b465ee728b)  -> (artifact id: '3e4f63c59bfb793a289ad5c819748ecf') in 0.062040 seconds
Number of updated asset objects reloaded before import = 0
Number of asset objects unloaded after import = 191
========================================================================
Received Import Request.
  Time since last request: 1.121029 seconds.
  path: Assets/Resources/Pairs/Pair 6.prefab
  artifactKey: Guid(21fb464b425406b469cd18aef8d7f4d1) Importer(815301076,1909f56bfc062723c751e8b465ee728b)
Start importing Assets/Resources/Pairs/Pair 6.prefab using Guid(21fb464b425406b469cd18aef8d7f4d1) Importer(815301076,1909f56bfc062723c751e8b465ee728b)  -> (artifact id: 'b26a534a2c217f515c5f2c8b75d19a66') in 0.068010 seconds
Number of updated asset objects reloaded before import = 0
Number of asset objects unloaded after import = 217
========================================================================
Received Import Request.
  Time since last request: 1.265990 seconds.
  path: Assets/Resources/Pairs/Pair 7.prefab
  artifactKey: Guid(71a965ad7007d254a9fc167b07c5853e) Importer(815301076,1909f56bfc062723c751e8b465ee728b)
Start importing Assets/Resources/Pairs/Pair 7.prefab using Guid(71a965ad7007d254a9fc167b07c5853e) Importer(815301076,1909f56bfc062723c751e8b465ee728b)  -> (artifact id: 'b407679c673b3ae2f8d73f070e5fd660') in 0.060133 seconds
Number of updated asset objects reloaded before import = 0
Number of asset objects unloaded after import = 217
========================================================================
Received Import Request.
  Time since last request: 1.762812 seconds.
  path: Assets/Resources/Pairs/Pair 8.prefab
  artifactKey: Guid(2e136330ffa52344a95e60bbf5edc320) Importer(815301076,1909f56bfc062723c751e8b465ee728b)
Start importing Assets/Resources/Pairs/Pair 8.prefab using Guid(2e136330ffa52344a95e60bbf5edc320) Importer(815301076,1909f56bfc062723c751e8b465ee728b)  -> (artifact id: 'f241eb28263dc47890f7dc08053a12b4') in 0.057871 seconds
Number of updated asset objects reloaded before import = 0
Number of asset objects unloaded after import = 217
========================================================================
Received Import Request.
  Time since last request: 1.895173 seconds.
  path: Assets/Resources/Pairs/Pair 9.prefab
  artifactKey: Guid(e9e5b4db49d2f7e47b8c6ddb11ddf3da) Importer(815301076,1909f56bfc062723c751e8b465ee728b)
Start importing Assets/Resources/Pairs/Pair 9.prefab using Guid(e9e5b4db49d2f7e47b8c6ddb11ddf3da) Importer(815301076,1909f56bfc062723c751e8b465ee728b)  -> (artifact id: '7ed4f675c522438e04e6a11085d0cbf5') in 0.097660 seconds
Number of updated asset objects reloaded before import = 0
Number of asset objects unloaded after import = 217
========================================================================
Received Import Request.
  Time since last request: 1.349243 seconds.
  path: Assets/Resources/Pairs/Pair 10.prefab
  artifactKey: Guid(e3040cdd9d2d95a40aacd941bbdc58ab) Importer(815301076,1909f56bfc062723c751e8b465ee728b)
Start importing Assets/Resources/Pairs/Pair 10.prefab using Guid(e3040cdd9d2d95a40aacd941bbdc58ab) Importer(815301076,1909f56bfc062723c751e8b465ee728b)  -> (artifact id: '5bada29542f06ffca1a8e215c524b0b6') in 0.067749 seconds
Number of updated asset objects reloaded before import = 0
Number of asset objects unloaded after import = 243
========================================================================
Received Import Request.
  Time since last request: 1.182843 seconds.
  path: Assets/Resources/Pairs/Pair 11.prefab
  artifactKey: Guid(6b2472803474ea14c87910c40489f992) Importer(815301076,1909f56bfc062723c751e8b465ee728b)
Start importing Assets/Resources/Pairs/Pair 11.prefab using Guid(6b2472803474ea14c87910c40489f992) Importer(815301076,1909f56bfc062723c751e8b465ee728b)  -> (artifact id: 'd7170a914a4b6e8e01596097198354df') in 0.064998 seconds
Number of updated asset objects reloaded before import = 0
Number of asset objects unloaded after import = 243
========================================================================
Received Import Request.
  Time since last request: 2.464266 seconds.
  path: Assets/Resources/Pairs/Pair 12.prefab
  artifactKey: Guid(4ccbc1f07e0193a4cb11513385012947) Importer(815301076,1909f56bfc062723c751e8b465ee728b)
Start importing Assets/Resources/Pairs/Pair 12.prefab using Guid(4ccbc1f07e0193a4cb11513385012947) Importer(815301076,1909f56bfc062723c751e8b465ee728b)  -> (artifact id: 'ee3a0db9cae67a7a0d16681b800f76c2') in 0.100798 seconds
Number of updated asset objects reloaded before import = 0
Number of asset objects unloaded after import = 243
========================================================================
Received Import Request.
  Time since last request: 2.665596 seconds.
  path: Assets/Resources/Pairs/Pair 13.prefab
  artifactKey: Guid(04f75fb972c1c914e84ac1883360b364) Importer(815301076,1909f56bfc062723c751e8b465ee728b)
Start importing Assets/Resources/Pairs/Pair 13.prefab using Guid(04f75fb972c1c914e84ac1883360b364) Importer(815301076,1909f56bfc062723c751e8b465ee728b)  -> (artifact id: '3fd549d1215a90401c30e3e13b292835') in 0.061817 seconds
Number of updated asset objects reloaded before import = 0
Number of asset objects unloaded after import = 243
========================================================================
Received Import Request.
  Time since last request: 2.639918 seconds.
  path: Assets/Resources/Pairs/Pair 14.prefab
  artifactKey: Guid(49abd715d517cbb4688d44441ea4ffa1) Importer(815301076,1909f56bfc062723c751e8b465ee728b)
Start importing Assets/Resources/Pairs/Pair 14.prefab using Guid(49abd715d517cbb4688d44441ea4ffa1) Importer(815301076,1909f56bfc062723c751e8b465ee728b)  -> (artifact id: 'f17eb7d0c41f9eab29d766497ac7629d') in 0.068534 seconds
Number of updated asset objects reloaded before import = 0
Number of asset objects unloaded after import = 269
========================================================================
Received Import Request.
  Time since last request: 1.901157 seconds.
  path: Assets/Resources/Pairs/Pair 15.prefab
  artifactKey: Guid(02ffc0d88efb3744dae9c9397cb23eff) Importer(815301076,1909f56bfc062723c751e8b465ee728b)
Start importing Assets/Resources/Pairs/Pair 15.prefab using Guid(02ffc0d88efb3744dae9c9397cb23eff) Importer(815301076,1909f56bfc062723c751e8b465ee728b)  -> (artifact id: '474d1e58a6e73ac407f77cd1f4e597b3') in 0.069383 seconds
Number of updated asset objects reloaded before import = 0
Number of asset objects unloaded after import = 269
========================================================================
Received Import Request.
  Time since last request: 1.620989 seconds.
  path: Assets/Resources/Pairs/Pair 16.prefab
  artifactKey: Guid(0ebc9ae906d86524ba9894c40f532608) Importer(815301076,1909f56bfc062723c751e8b465ee728b)
Start importing Assets/Resources/Pairs/Pair 16.prefab using Guid(0ebc9ae906d86524ba9894c40f532608) Importer(815301076,1909f56bfc062723c751e8b465ee728b)  -> (artifact id: 'd8282818048d6935db4183d449149e4a') in 0.066957 seconds
Number of updated asset objects reloaded before import = 0
Number of asset objects unloaded after import = 269
========================================================================
Received Import Request.
  Time since last request: 2.109140 seconds.
  path: Assets/Resources/Pairs/Pair 17.prefab
  artifactKey: Guid(e30161b414260cf4fb335bf75fc3821c) Importer(815301076,1909f56bfc062723c751e8b465ee728b)
Start importing Assets/Resources/Pairs/Pair 17.prefab using Guid(e30161b414260cf4fb335bf75fc3821c) Importer(815301076,1909f56bfc062723c751e8b465ee728b)  -> (artifact id: '79219e80653c75ad6b142659ac46db39') in 0.074506 seconds
Number of updated asset objects reloaded before import = 0
Number of asset objects unloaded after import = 269
========================================================================
Received Import Request.
  Time since last request: 9.048045 seconds.
  path: Assets/Resources/Pairs/Pair 18.prefab
  artifactKey: Guid(778a07c657334c04c9fb36a1b33f8b2d) Importer(815301076,1909f56bfc062723c751e8b465ee728b)
Start importing Assets/Resources/Pairs/Pair 18.prefab using Guid(778a07c657334c04c9fb36a1b33f8b2d) Importer(815301076,1909f56bfc062723c751e8b465ee728b)  -> (artifact id: '0a894c7c9cc224b8a4645b405ae41b5a') in 0.074231 seconds
Number of updated asset objects reloaded before import = 0
Number of asset objects unloaded after import = 269
========================================================================
Received Import Request.
  Time since last request: 2.471484 seconds.
  path: Assets/Resources/Pairs/Pair 19.prefab
  artifactKey: Guid(e85ee09cdd3a9af4cb49a1607c034767) Importer(815301076,1909f56bfc062723c751e8b465ee728b)
Start importing Assets/Resources/Pairs/Pair 19.prefab using Guid(e85ee09cdd3a9af4cb49a1607c034767) Importer(815301076,1909f56bfc062723c751e8b465ee728b)  -> (artifact id: 'ef86178ccda5e4b0673e14e2ad6181c6') in 0.072834 seconds
Number of updated asset objects reloaded before import = 0
Number of asset objects unloaded after import = 269
========================================================================
Received Import Request.
  Time since last request: 1.022860 seconds.
  path: Assets/Resources/Pairs/Pair 20.prefab
  artifactKey: Guid(e5a7f2528d013fc4d80ffb0eb0c687f1) Importer(815301076,1909f56bfc062723c751e8b465ee728b)
Start importing Assets/Resources/Pairs/Pair 20.prefab using Guid(e5a7f2528d013fc4d80ffb0eb0c687f1) Importer(815301076,1909f56bfc062723c751e8b465ee728b)  -> (artifact id: '9a5af00a92d37f396a4eb4c7d447a9a9') in 0.074376 seconds
Number of updated asset objects reloaded before import = 0
Number of asset objects unloaded after import = 269
========================================================================
Received Prepare
Begin MonoManager ReloadAssembly
- Loaded All Assemblies, in  2.878 seconds
Refreshing native plugins compatible for Editor in 10.44 ms, found 4 plugins.
Native extension for WindowsStandalone target not found
Native extension for Android target not found
Native extension for WebGL target not found
[Package Manager] Server::EnsureServerProcessIsRunning -- launch failed, reason: Unity was launched with the -noUpm command-line argument
[Package Manager] UpmClient::Send -- Unable to send message (not connected to UPM process).
[Package Manager] Cannot connect to Unity Package Manager local server
Mono: successfully reloaded assembly
- Finished resetting the current domain, in  2.651 seconds
Domain Reload Profiling: 5326ms
	BeginReloadAssembly (613ms)
		ExecutionOrderSort (0ms)
		DisableScriptedObjects (36ms)
		BackupInstance (0ms)
		ReleaseScriptingObjects (0ms)
		CreateAndSetChildDomain (128ms)
	RebuildCommonClasses (89ms)
	RebuildNativeTypeToScriptingClass (29ms)
	initialDomainReloadingComplete (127ms)
	LoadAllAssembliesAndSetupDomain (1816ms)
		LoadAssemblies (2162ms)
		RebuildTransferFunctionScriptingTraits (0ms)
		AnalyzeDomain (29ms)
			TypeCache.Refresh (12ms)
				TypeCache.ScanAssembly (0ms)
			ScanForSourceGeneratedMonoScriptInfo (0ms)
			ResolveRequiredComponents (15ms)
	FinalizeReload (2652ms)
		ReleaseScriptCaches (0ms)
		RebuildScriptCaches (0ms)
		SetupLoadedEditorAssemblies (1314ms)
			LogAssemblyErrors (0ms)
			InitializePlatformSupportModulesInManaged (93ms)
			SetLoadedEditorAssemblies (15ms)
			RefreshPlugins (0ms)
			BeforeProcessingInitializeOnLoad (281ms)
			ProcessInitializeOnLoadAttributes (814ms)
			ProcessInitializeOnLoadMethodAttributes (75ms)
			AfterProcessingInitializeOnLoad (36ms)
			EditorAssembliesLoaded (0ms)
		ExecutionOrderSort2 (0ms)
		AwakeInstancesAfterBackupRestoration (39ms)
Refreshing native plugins compatible for Editor in 19.17 ms, found 4 plugins.
Preloading 0 native plugins for Editor in 0.00 ms.
Unloading 4149 Unused Serialized files (Serialized files now loaded: 0)
Unloading 51 unused Assets / (220.9 KB). Loaded Objects now: 4653.
Memory consumption went from 161.9 MB to 161.7 MB.
Total: 6.954700 ms (FindLiveObjects: 0.854100 ms CreateObjectMapping: 0.586200 ms MarkObjects: 5.190300 ms  DeleteObjects: 0.322600 ms)

Prepare: number of updated asset objects reloaded= 0
AssetImportParameters requested are different than current active one (requested -> active):
  custom:container-demuxer-ogg: 62fdf1f143b41e24485cea50d1cbac27 -> 
  custom:video-decoder-ogg-theora: a1e56fd34408186e4bbccfd4996cb3dc -> 
  custom:framework-win-MediaFoundation: 216162199b28c13a410421893ffa2e32 -> 
  custom:CustomObjectIndexerAttribute: 43b350a4d6e6d1791af0b5038c4bea17 -> 
  custom:container-demuxer-webm: 4f35f7cbe854078d1ac9338744f61a02 -> 
  custom:container-muxer-webm: aa71ff27fc2769a1b78a27578f13a17b -> 
  custom:video-decoder-webm-vp8: 9c59270c3fd7afecdb556c50c9e8de78 -> 
  custom:SearchIndexIgnoredProperties: e643bd26f0fe6173181afceb89e7c659 -> 
  custom:AudioImporter_EditorPlatform: d09bf68614088b80899f8185d706f6e7 -> 
  custom:video-encoder-webm-vp8: eb34c28f22e8b96e1ab97ce403110664 -> 
  custom:audio-decoder-ogg-vorbis: bf7c407c2cedff20999df2af8eb42d56 -> 
  custom:audio-encoder-webm-vorbis: bf7c407c2cedff20999df2af8eb42d56 -> 
========================================================================
Received Import Request.
  Time since last request: 40.684145 seconds.
  path: Assets/YandexGame/WorkingData/Editor/SavesEditorYG.json
  artifactKey: Guid(51611e2364ae457409ce97d2302f4694) Importer(815301076,1909f56bfc062723c751e8b465ee728b)
Start importing Assets/YandexGame/WorkingData/Editor/SavesEditorYG.json using Guid(51611e2364ae457409ce97d2302f4694) Importer(815301076,1909f56bfc062723c751e8b465ee728b)  -> (artifact id: '479d40f67abde58933047ceb74d9026b') in 0.021345 seconds
Number of updated asset objects reloaded before import = 0
Number of asset objects unloaded after import = 1
========================================================================
Received Import Request.
  Time since last request: 9.257051 seconds.
  path: Assets/YandexGame/WorkingData/Editor/SavesEditorYG.json
  artifactKey: Guid(51611e2364ae457409ce97d2302f4694) Importer(815301076,1909f56bfc062723c751e8b465ee728b)
Start importing Assets/YandexGame/WorkingData/Editor/SavesEditorYG.json using Guid(51611e2364ae457409ce97d2302f4694) Importer(815301076,1909f56bfc062723c751e8b465ee728b)  -> (artifact id: 'f9ed1c54c814d0a476871591aadad670') in 0.002860 seconds
Number of updated asset objects reloaded before import = 0
Number of asset objects unloaded after import = 1
